<?xml version="1.0" encoding="UTF-8"?>
<coverage generated="1525048578532" clover="3.2.0">
  <project timestamp="1525048578532" name="All files">
    <metrics statements="166" coveredstatements="140" conditionals="198" coveredconditionals="165" methods="25" coveredmethods="24" elements="389" coveredelements="329" complexity="0" loc="166" ncloc="166" packages="1" files="1" classes="1">
      <file name="validator.js" path="/Users/carrie/Desktop/aurora-utilities/javascript/validator.js">
        <metrics statements="166" coveredstatements="140" conditionals="198" coveredconditionals="165" methods="25" coveredmethods="24"/>
        <line num="8" count="1" type="stmt"/>
        <line num="12" count="0" type="stmt"/>
        <line num="22" count="5" type="stmt"/>
        <line num="26" count="5" type="cond" truecount="3" falsecount="1"/>
        <line num="27" count="0" type="stmt"/>
        <line num="30" count="5" type="cond" truecount="4" falsecount="0"/>
        <line num="31" count="1" type="stmt"/>
        <line num="34" count="4" type="stmt"/>
        <line num="35" count="4" type="stmt"/>
        <line num="37" count="4" type="cond" truecount="2" falsecount="0"/>
        <line num="38" count="1" type="stmt"/>
        <line num="41" count="3" type="cond" truecount="1" falsecount="1"/>
        <line num="42" count="3" type="stmt"/>
        <line num="44" count="3" type="cond" truecount="1" falsecount="1"/>
        <line num="45" count="3" type="stmt"/>
        <line num="46" count="12" type="cond" truecount="4" falsecount="0"/>
        <line num="47" count="1" type="stmt"/>
        <line num="51" count="2" type="stmt"/>
        <line num="63" count="4" type="cond" truecount="3" falsecount="1"/>
        <line num="64" count="0" type="stmt"/>
        <line num="67" count="4" type="stmt"/>
        <line num="69" count="4" type="cond" truecount="3" falsecount="0"/>
        <line num="79" count="31" type="cond" truecount="3" falsecount="1"/>
        <line num="80" count="0" type="stmt"/>
        <line num="83" count="31" type="stmt"/>
        <line num="85" count="31" type="stmt"/>
        <line num="96" count="5" type="cond" truecount="2" falsecount="0"/>
        <line num="97" count="2" type="stmt"/>
        <line num="100" count="5" type="cond" truecount="2" falsecount="0"/>
        <line num="101" count="2" type="stmt"/>
        <line num="104" count="5" type="cond" truecount="4" falsecount="0"/>
        <line num="105" count="1" type="stmt"/>
        <line num="108" count="4" type="stmt"/>
        <line num="109" count="4" type="stmt"/>
        <line num="111" count="4" type="stmt"/>
        <line num="122" count="5" type="cond" truecount="2" falsecount="0"/>
        <line num="123" count="2" type="stmt"/>
        <line num="126" count="5" type="cond" truecount="2" falsecount="0"/>
        <line num="127" count="2" type="stmt"/>
        <line num="130" count="5" type="cond" truecount="4" falsecount="0"/>
        <line num="131" count="1" type="stmt"/>
        <line num="134" count="4" type="stmt"/>
        <line num="135" count="4" type="stmt"/>
        <line num="137" count="4" type="stmt"/>
        <line num="147" count="5" type="stmt"/>
        <line num="149" count="5" type="cond" truecount="2" falsecount="0"/>
        <line num="150" count="3" type="stmt"/>
        <line num="153" count="5" type="cond" truecount="2" falsecount="0"/>
        <line num="154" count="1" type="stmt"/>
        <line num="157" count="4" type="stmt"/>
        <line num="159" count="4" type="stmt"/>
        <line num="169" count="5" type="stmt"/>
        <line num="171" count="5" type="cond" truecount="2" falsecount="0"/>
        <line num="172" count="3" type="stmt"/>
        <line num="175" count="5" type="cond" truecount="2" falsecount="0"/>
        <line num="176" count="1" type="stmt"/>
        <line num="179" count="4" type="stmt"/>
        <line num="181" count="4" type="stmt"/>
        <line num="191" count="11" type="cond" truecount="4" falsecount="0"/>
        <line num="192" count="1" type="stmt"/>
        <line num="195" count="10" type="cond" truecount="1" falsecount="1"/>
        <line num="196" count="0" type="stmt"/>
        <line num="199" count="10" type="cond" truecount="2" falsecount="0"/>
        <line num="209" count="4" type="cond" truecount="3" falsecount="1"/>
        <line num="210" count="0" type="stmt"/>
        <line num="213" count="4" type="cond" truecount="3" falsecount="0"/>
        <line num="224" count="8" type="cond" truecount="3" falsecount="1"/>
        <line num="225" count="0" type="stmt"/>
        <line num="228" count="8" type="cond" truecount="1" falsecount="1"/>
        <line num="229" count="0" type="stmt"/>
        <line num="232" count="8" type="cond" truecount="1" falsecount="1"/>
        <line num="233" count="0" type="stmt"/>
        <line num="237" count="8" type="stmt"/>
        <line num="239" count="8" type="stmt"/>
        <line num="240" count="34" type="stmt"/>
        <line num="241" count="38" type="cond" truecount="2" falsecount="0"/>
        <line num="242" count="4" type="stmt"/>
        <line num="247" count="4" type="stmt"/>
        <line num="258" count="4" type="stmt"/>
        <line num="269" count="6" type="cond" truecount="3" falsecount="1"/>
        <line num="270" count="0" type="stmt"/>
        <line num="273" count="6" type="cond" truecount="3" falsecount="1"/>
        <line num="274" count="0" type="stmt"/>
        <line num="277" count="6" type="stmt"/>
        <line num="280" count="6" type="stmt"/>
        <line num="282" count="6" type="stmt"/>
        <line num="283" count="57" type="stmt"/>
        <line num="285" count="57" type="stmt"/>
        <line num="286" count="217" type="cond" truecount="2" falsecount="0"/>
        <line num="287" count="19" type="cond" truecount="1" falsecount="1"/>
        <line num="288" count="19" type="stmt"/>
        <line num="293" count="57" type="cond" truecount="2" falsecount="0"/>
        <line num="294" count="1" type="stmt"/>
        <line num="297" count="5" type="stmt"/>
        <line num="308" count="4" type="cond" truecount="3" falsecount="1"/>
        <line num="309" count="0" type="stmt"/>
        <line num="312" count="4" type="cond" truecount="3" falsecount="2"/>
        <line num="313" count="0" type="stmt"/>
        <line num="316" count="4" type="stmt"/>
        <line num="327" count="7" type="cond" truecount="3" falsecount="1"/>
        <line num="328" count="0" type="stmt"/>
        <line num="331" count="7" type="cond" truecount="3" falsecount="2"/>
        <line num="332" count="0" type="stmt"/>
        <line num="335" count="7" type="stmt"/>
        <line num="346" count="4" type="cond" truecount="3" falsecount="1"/>
        <line num="347" count="0" type="stmt"/>
        <line num="350" count="4" type="cond" truecount="4" falsecount="1"/>
        <line num="351" count="0" type="stmt"/>
        <line num="354" count="4" type="stmt"/>
        <line num="356" count="4" type="stmt"/>
        <line num="367" count="4" type="cond" truecount="3" falsecount="1"/>
        <line num="368" count="0" type="stmt"/>
        <line num="371" count="4" type="cond" truecount="4" falsecount="1"/>
        <line num="372" count="0" type="stmt"/>
        <line num="375" count="4" type="stmt"/>
        <line num="377" count="4" type="stmt"/>
        <line num="389" count="34" type="cond" truecount="1" falsecount="1"/>
        <line num="397" count="0" type="stmt"/>
        <line num="400" count="34" type="cond" truecount="2" falsecount="0"/>
        <line num="411" count="11" type="cond" truecount="4" falsecount="1"/>
        <line num="412" count="0" type="stmt"/>
        <line num="416" count="11" type="stmt"/>
        <line num="426" count="6" type="cond" truecount="3" falsecount="2"/>
        <line num="427" count="0" type="stmt"/>
        <line num="430" count="6" type="stmt"/>
        <line num="432" count="6" type="cond" truecount="3" falsecount="0"/>
        <line num="442" count="13" type="cond" truecount="3" falsecount="1"/>
        <line num="443" count="0" type="stmt"/>
        <line num="446" count="13" type="cond" truecount="2" falsecount="0"/>
        <line num="447" count="5" type="stmt"/>
        <line num="450" count="8" type="stmt"/>
        <line num="452" count="8" type="cond" truecount="2" falsecount="0"/>
        <line num="453" count="1" type="stmt"/>
        <line num="456" count="7" type="cond" truecount="2" falsecount="0"/>
        <line num="466" count="11" type="cond" truecount="3" falsecount="1"/>
        <line num="467" count="0" type="stmt"/>
        <line num="470" count="11" type="stmt"/>
        <line num="471" count="11" type="stmt"/>
        <line num="473" count="11" type="cond" truecount="4" falsecount="0"/>
        <line num="474" count="4" type="stmt"/>
        <line num="477" count="7" type="stmt"/>
        <line num="479" count="7" type="stmt"/>
        <line num="481" count="7" type="cond" truecount="2" falsecount="0"/>
        <line num="482" count="1" type="stmt"/>
        <line num="485" count="6" type="stmt"/>
        <line num="486" count="16" type="cond" truecount="2" falsecount="0"/>
        <line num="487" count="2" type="stmt"/>
        <line num="491" count="4" type="stmt"/>
        <line num="501" count="9" type="cond" truecount="3" falsecount="1"/>
        <line num="502" count="0" type="stmt"/>
        <line num="505" count="9" type="stmt"/>
        <line num="507" count="9" type="cond" truecount="4" falsecount="0"/>
        <line num="508" count="2" type="stmt"/>
        <line num="511" count="7" type="stmt"/>
        <line num="513" count="7" type="stmt"/>
        <line num="515" count="7" type="cond" truecount="2" falsecount="0"/>
        <line num="516" count="1" type="stmt"/>
        <line num="519" count="6" type="cond" truecount="2" falsecount="0"/>
        <line num="520" count="1" type="stmt"/>
        <line num="523" count="5" type="stmt"/>
        <line num="524" count="8" type="cond" truecount="2" falsecount="0"/>
        <line num="525" count="2" type="stmt"/>
        <line num="529" count="3" type="stmt"/>
        <line num="539" count="6" type="cond" truecount="3" falsecount="1"/>
        <line num="540" count="0" type="stmt"/>
        <line num="544" count="6" type="cond" truecount="3" falsecount="0"/>
      </file>
    </metrics>
  </project>
</coverage>
