{"/Users/carrie/Desktop/aurora-utilities/javascript/validator.js": {"path":"/Users/carrie/Desktop/aurora-utilities/javascript/validator.js","statementMap":{"0":{"start":{"line":8,"column":4},"end":{"line":8,"column":27}},"1":{"start":{"line":12,"column":4},"end":{"line":12,"column":97}},"2":{"start":{"line":22,"column":24},"end":{"line":22,"column":40}},"3":{"start":{"line":26,"column":4},"end":{"line":28,"column":5}},"4":{"start":{"line":27,"column":6},"end":{"line":27,"column":49}},"5":{"start":{"line":30,"column":4},"end":{"line":32,"column":5}},"6":{"start":{"line":31,"column":6},"end":{"line":31,"column":19}},"7":{"start":{"line":34,"column":4},"end":{"line":34,"column":30}},"8":{"start":{"line":35,"column":4},"end":{"line":35,"column":28}},"9":{"start":{"line":37,"column":4},"end":{"line":39,"column":5}},"10":{"start":{"line":38,"column":6},"end":{"line":38,"column":19}},"11":{"start":{"line":41,"column":4},"end":{"line":53,"column":5}},"12":{"start":{"line":42,"column":6},"end":{"line":42,"column":65}},"13":{"start":{"line":44,"column":6},"end":{"line":52,"column":7}},"14":{"start":{"line":45,"column":8},"end":{"line":49,"column":9}},"15":{"start":{"line":46,"column":10},"end":{"line":48,"column":11}},"16":{"start":{"line":47,"column":12},"end":{"line":47,"column":25}},"17":{"start":{"line":51,"column":8},"end":{"line":51,"column":20}},"18":{"start":{"line":63,"column":4},"end":{"line":65,"column":5}},"19":{"start":{"line":64,"column":6},"end":{"line":64,"column":49}},"20":{"start":{"line":67,"column":4},"end":{"line":67,"column":41}},"21":{"start":{"line":69,"column":4},"end":{"line":69,"column":80}},"22":{"start":{"line":79,"column":4},"end":{"line":81,"column":5}},"23":{"start":{"line":80,"column":6},"end":{"line":80,"column":49}},"24":{"start":{"line":83,"column":17},"end":{"line":83,"column":32}},"25":{"start":{"line":85,"column":4},"end":{"line":85,"column":34}},"26":{"start":{"line":96,"column":4},"end":{"line":98,"column":5}},"27":{"start":{"line":97,"column":6},"end":{"line":97,"column":31}},"28":{"start":{"line":100,"column":4},"end":{"line":102,"column":5}},"29":{"start":{"line":101,"column":6},"end":{"line":101,"column":39}},"30":{"start":{"line":104,"column":4},"end":{"line":106,"column":5}},"31":{"start":{"line":105,"column":6},"end":{"line":105,"column":19}},"32":{"start":{"line":108,"column":4},"end":{"line":108,"column":28}},"33":{"start":{"line":109,"column":4},"end":{"line":109,"column":36}},"34":{"start":{"line":111,"column":4},"end":{"line":111,"column":49}},"35":{"start":{"line":122,"column":4},"end":{"line":124,"column":5}},"36":{"start":{"line":123,"column":6},"end":{"line":123,"column":31}},"37":{"start":{"line":126,"column":4},"end":{"line":128,"column":5}},"38":{"start":{"line":127,"column":6},"end":{"line":127,"column":39}},"39":{"start":{"line":130,"column":4},"end":{"line":132,"column":5}},"40":{"start":{"line":131,"column":6},"end":{"line":131,"column":19}},"41":{"start":{"line":134,"column":4},"end":{"line":134,"column":28}},"42":{"start":{"line":135,"column":4},"end":{"line":135,"column":36}},"43":{"start":{"line":137,"column":4},"end":{"line":137,"column":49}},"44":{"start":{"line":147,"column":18},"end":{"line":147,"column":28}},"45":{"start":{"line":149,"column":4},"end":{"line":151,"column":5}},"46":{"start":{"line":150,"column":6},"end":{"line":150,"column":31}},"47":{"start":{"line":153,"column":4},"end":{"line":155,"column":5}},"48":{"start":{"line":154,"column":6},"end":{"line":154,"column":19}},"49":{"start":{"line":157,"column":4},"end":{"line":157,"column":28}},"50":{"start":{"line":159,"column":4},"end":{"line":159,"column":45}},"51":{"start":{"line":169,"column":18},"end":{"line":169,"column":28}},"52":{"start":{"line":171,"column":4},"end":{"line":173,"column":5}},"53":{"start":{"line":172,"column":6},"end":{"line":172,"column":31}},"54":{"start":{"line":175,"column":4},"end":{"line":177,"column":5}},"55":{"start":{"line":176,"column":6},"end":{"line":176,"column":19}},"56":{"start":{"line":179,"column":4},"end":{"line":179,"column":28}},"57":{"start":{"line":181,"column":4},"end":{"line":181,"column":45}},"58":{"start":{"line":191,"column":4},"end":{"line":193,"column":5}},"59":{"start":{"line":192,"column":6},"end":{"line":192,"column":19}},"60":{"start":{"line":195,"column":4},"end":{"line":197,"column":5}},"61":{"start":{"line":196,"column":6},"end":{"line":196,"column":49}},"62":{"start":{"line":199,"column":4},"end":{"line":199,"column":62}},"63":{"start":{"line":209,"column":4},"end":{"line":211,"column":5}},"64":{"start":{"line":210,"column":6},"end":{"line":210,"column":49}},"65":{"start":{"line":213,"column":4},"end":{"line":213,"column":83}},"66":{"start":{"line":224,"column":4},"end":{"line":226,"column":5}},"67":{"start":{"line":225,"column":6},"end":{"line":225,"column":36}},"68":{"start":{"line":228,"column":4},"end":{"line":230,"column":5}},"69":{"start":{"line":229,"column":6},"end":{"line":229,"column":49}},"70":{"start":{"line":232,"column":4},"end":{"line":234,"column":5}},"71":{"start":{"line":233,"column":6},"end":{"line":233,"column":48}},"72":{"start":{"line":237,"column":20},"end":{"line":237,"column":39}},"73":{"start":{"line":239,"column":4},"end":{"line":245,"column":5}},"74":{"start":{"line":240,"column":6},"end":{"line":244,"column":7}},"75":{"start":{"line":241,"column":8},"end":{"line":243,"column":9}},"76":{"start":{"line":242,"column":10},"end":{"line":242,"column":22}},"77":{"start":{"line":247,"column":4},"end":{"line":247,"column":17}},"78":{"start":{"line":258,"column":4},"end":{"line":258,"column":40}},"79":{"start":{"line":269,"column":4},"end":{"line":271,"column":5}},"80":{"start":{"line":270,"column":6},"end":{"line":270,"column":49}},"81":{"start":{"line":273,"column":4},"end":{"line":275,"column":5}},"82":{"start":{"line":274,"column":6},"end":{"line":274,"column":48}},"83":{"start":{"line":277,"column":21},"end":{"line":277,"column":23}},"84":{"start":{"line":280,"column":4},"end":{"line":280,"column":56}},"85":{"start":{"line":282,"column":4},"end":{"line":296,"column":5}},"86":{"start":{"line":283,"column":6},"end":{"line":283,"column":45}},"87":{"start":{"line":285,"column":6},"end":{"line":291,"column":7}},"88":{"start":{"line":286,"column":8},"end":{"line":290,"column":9}},"89":{"start":{"line":287,"column":10},"end":{"line":289,"column":11}},"90":{"start":{"line":288,"column":12},"end":{"line":288,"column":51}},"91":{"start":{"line":293,"column":6},"end":{"line":295,"column":7}},"92":{"start":{"line":294,"column":8},"end":{"line":294,"column":21}},"93":{"start":{"line":297,"column":4},"end":{"line":297,"column":38}},"94":{"start":{"line":308,"column":4},"end":{"line":310,"column":5}},"95":{"start":{"line":309,"column":6},"end":{"line":309,"column":49}},"96":{"start":{"line":312,"column":4},"end":{"line":314,"column":5}},"97":{"start":{"line":313,"column":6},"end":{"line":313,"column":45}},"98":{"start":{"line":316,"column":4},"end":{"line":316,"column":29}},"99":{"start":{"line":327,"column":4},"end":{"line":329,"column":5}},"100":{"start":{"line":328,"column":6},"end":{"line":328,"column":49}},"101":{"start":{"line":331,"column":4},"end":{"line":333,"column":5}},"102":{"start":{"line":332,"column":6},"end":{"line":332,"column":45}},"103":{"start":{"line":335,"column":4},"end":{"line":335,"column":29}},"104":{"start":{"line":346,"column":4},"end":{"line":348,"column":5}},"105":{"start":{"line":347,"column":6},"end":{"line":347,"column":49}},"106":{"start":{"line":350,"column":4},"end":{"line":352,"column":5}},"107":{"start":{"line":351,"column":6},"end":{"line":351,"column":45}},"108":{"start":{"line":354,"column":20},"end":{"line":354,"column":36}},"109":{"start":{"line":356,"column":4},"end":{"line":356,"column":31}},"110":{"start":{"line":367,"column":4},"end":{"line":369,"column":5}},"111":{"start":{"line":368,"column":6},"end":{"line":368,"column":49}},"112":{"start":{"line":371,"column":4},"end":{"line":373,"column":5}},"113":{"start":{"line":372,"column":6},"end":{"line":372,"column":45}},"114":{"start":{"line":375,"column":20},"end":{"line":375,"column":36}},"115":{"start":{"line":377,"column":4},"end":{"line":377,"column":31}},"116":{"start":{"line":389,"column":4},"end":{"line":398,"column":5}},"117":{"start":{"line":397,"column":6},"end":{"line":397,"column":65}},"118":{"start":{"line":400,"column":4},"end":{"line":400,"column":43}},"119":{"start":{"line":411,"column":4},"end":{"line":413,"column":5}},"120":{"start":{"line":412,"column":6},"end":{"line":412,"column":49}},"121":{"start":{"line":416,"column":4},"end":{"line":416,"column":40}},"122":{"start":{"line":426,"column":4},"end":{"line":428,"column":5}},"123":{"start":{"line":427,"column":6},"end":{"line":427,"column":49}},"124":{"start":{"line":430,"column":4},"end":{"line":430,"column":36}},"125":{"start":{"line":432,"column":4},"end":{"line":432,"column":85}},"126":{"start":{"line":442,"column":4},"end":{"line":444,"column":5}},"127":{"start":{"line":443,"column":6},"end":{"line":443,"column":49}},"128":{"start":{"line":446,"column":4},"end":{"line":448,"column":5}},"129":{"start":{"line":447,"column":6},"end":{"line":447,"column":19}},"130":{"start":{"line":450,"column":4},"end":{"line":450,"column":45}},"131":{"start":{"line":452,"column":4},"end":{"line":454,"column":5}},"132":{"start":{"line":453,"column":6},"end":{"line":453,"column":19}},"133":{"start":{"line":456,"column":4},"end":{"line":456,"column":52}},"134":{"start":{"line":466,"column":4},"end":{"line":468,"column":5}},"135":{"start":{"line":467,"column":6},"end":{"line":467,"column":49}},"136":{"start":{"line":470,"column":4},"end":{"line":470,"column":37}},"137":{"start":{"line":471,"column":4},"end":{"line":471,"column":35}},"138":{"start":{"line":473,"column":4},"end":{"line":475,"column":5}},"139":{"start":{"line":474,"column":6},"end":{"line":474,"column":19}},"140":{"start":{"line":477,"column":4},"end":{"line":477,"column":49}},"141":{"start":{"line":479,"column":16},"end":{"line":479,"column":32}},"142":{"start":{"line":481,"column":4},"end":{"line":483,"column":5}},"143":{"start":{"line":482,"column":6},"end":{"line":482,"column":19}},"144":{"start":{"line":485,"column":4},"end":{"line":489,"column":5}},"145":{"start":{"line":486,"column":6},"end":{"line":488,"column":7}},"146":{"start":{"line":487,"column":8},"end":{"line":487,"column":21}},"147":{"start":{"line":491,"column":4},"end":{"line":491,"column":16}},"148":{"start":{"line":501,"column":4},"end":{"line":503,"column":5}},"149":{"start":{"line":502,"column":6},"end":{"line":502,"column":49}},"150":{"start":{"line":505,"column":4},"end":{"line":505,"column":28}},"151":{"start":{"line":507,"column":4},"end":{"line":509,"column":5}},"152":{"start":{"line":508,"column":6},"end":{"line":508,"column":19}},"153":{"start":{"line":511,"column":4},"end":{"line":511,"column":49}},"154":{"start":{"line":513,"column":16},"end":{"line":513,"column":32}},"155":{"start":{"line":515,"column":4},"end":{"line":517,"column":5}},"156":{"start":{"line":516,"column":6},"end":{"line":516,"column":19}},"157":{"start":{"line":519,"column":4},"end":{"line":521,"column":5}},"158":{"start":{"line":520,"column":6},"end":{"line":520,"column":19}},"159":{"start":{"line":523,"column":4},"end":{"line":527,"column":5}},"160":{"start":{"line":524,"column":6},"end":{"line":526,"column":7}},"161":{"start":{"line":525,"column":8},"end":{"line":525,"column":21}},"162":{"start":{"line":529,"column":4},"end":{"line":529,"column":16}},"163":{"start":{"line":539,"column":4},"end":{"line":541,"column":5}},"164":{"start":{"line":540,"column":6},"end":{"line":540,"column":49}},"165":{"start":{"line":544,"column":4},"end":{"line":544,"column":71}}},"fnMap":{"0":{"name":"(anonymous_0)","decl":{"start":{"line":7,"column":2},"end":{"line":7,"column":3}},"loc":{"start":{"line":7,"column":40},"end":{"line":9,"column":3}},"line":7},"1":{"name":"(anonymous_1)","decl":{"start":{"line":11,"column":2},"end":{"line":11,"column":3}},"loc":{"start":{"line":11,"column":44},"end":{"line":13,"column":3}},"line":11},"2":{"name":"(anonymous_2)","decl":{"start":{"line":21,"column":2},"end":{"line":21,"column":3}},"loc":{"start":{"line":21,"column":32},"end":{"line":54,"column":3}},"line":21},"3":{"name":"(anonymous_3)","decl":{"start":{"line":62,"column":2},"end":{"line":62,"column":3}},"loc":{"start":{"line":62,"column":31},"end":{"line":70,"column":3}},"line":62},"4":{"name":"(anonymous_4)","decl":{"start":{"line":78,"column":2},"end":{"line":78,"column":3}},"loc":{"start":{"line":78,"column":24},"end":{"line":86,"column":3}},"line":78},"5":{"name":"(anonymous_5)","decl":{"start":{"line":95,"column":2},"end":{"line":95,"column":3}},"loc":{"start":{"line":95,"column":63},"end":{"line":112,"column":3}},"line":95},"6":{"name":"(anonymous_6)","decl":{"start":{"line":121,"column":2},"end":{"line":121,"column":3}},"loc":{"start":{"line":121,"column":62},"end":{"line":138,"column":3}},"line":121},"7":{"name":"(anonymous_7)","decl":{"start":{"line":146,"column":2},"end":{"line":146,"column":3}},"loc":{"start":{"line":146,"column":38},"end":{"line":160,"column":3}},"line":146},"8":{"name":"(anonymous_8)","decl":{"start":{"line":168,"column":2},"end":{"line":168,"column":3}},"loc":{"start":{"line":168,"column":37},"end":{"line":182,"column":3}},"line":168},"9":{"name":"(anonymous_9)","decl":{"start":{"line":190,"column":2},"end":{"line":190,"column":3}},"loc":{"start":{"line":190,"column":25},"end":{"line":200,"column":3}},"line":190},"10":{"name":"(anonymous_10)","decl":{"start":{"line":208,"column":2},"end":{"line":208,"column":3}},"loc":{"start":{"line":208,"column":27},"end":{"line":214,"column":3}},"line":208},"11":{"name":"(anonymous_11)","decl":{"start":{"line":223,"column":2},"end":{"line":223,"column":3}},"loc":{"start":{"line":223,"column":48},"end":{"line":248,"column":3}},"line":223},"12":{"name":"(anonymous_12)","decl":{"start":{"line":257,"column":2},"end":{"line":257,"column":3}},"loc":{"start":{"line":257,"column":45},"end":{"line":259,"column":3}},"line":257},"13":{"name":"(anonymous_13)","decl":{"start":{"line":268,"column":2},"end":{"line":268,"column":3}},"loc":{"start":{"line":268,"column":54},"end":{"line":298,"column":3}},"line":268},"14":{"name":"(anonymous_14)","decl":{"start":{"line":307,"column":2},"end":{"line":307,"column":3}},"loc":{"start":{"line":307,"column":49},"end":{"line":317,"column":3}},"line":307},"15":{"name":"(anonymous_15)","decl":{"start":{"line":326,"column":2},"end":{"line":326,"column":3}},"loc":{"start":{"line":326,"column":52},"end":{"line":336,"column":3}},"line":326},"16":{"name":"(anonymous_16)","decl":{"start":{"line":345,"column":2},"end":{"line":345,"column":3}},"loc":{"start":{"line":345,"column":42},"end":{"line":357,"column":3}},"line":345},"17":{"name":"(anonymous_17)","decl":{"start":{"line":366,"column":2},"end":{"line":366,"column":3}},"loc":{"start":{"line":366,"column":42},"end":{"line":378,"column":3}},"line":366},"18":{"name":"(anonymous_18)","decl":{"start":{"line":388,"column":2},"end":{"line":388,"column":3}},"loc":{"start":{"line":388,"column":62},"end":{"line":401,"column":3}},"line":388},"19":{"name":"(anonymous_19)","decl":{"start":{"line":409,"column":2},"end":{"line":409,"column":3}},"loc":{"start":{"line":409,"column":32},"end":{"line":417,"column":3}},"line":409},"20":{"name":"(anonymous_20)","decl":{"start":{"line":425,"column":2},"end":{"line":425,"column":3}},"loc":{"start":{"line":425,"column":30},"end":{"line":433,"column":3}},"line":425},"21":{"name":"(anonymous_21)","decl":{"start":{"line":441,"column":2},"end":{"line":441,"column":3}},"loc":{"start":{"line":441,"column":23},"end":{"line":457,"column":3}},"line":441},"22":{"name":"(anonymous_22)","decl":{"start":{"line":465,"column":2},"end":{"line":465,"column":3}},"loc":{"start":{"line":465,"column":23},"end":{"line":492,"column":3}},"line":465},"23":{"name":"(anonymous_23)","decl":{"start":{"line":500,"column":2},"end":{"line":500,"column":3}},"loc":{"start":{"line":500,"column":23},"end":{"line":530,"column":3}},"line":500},"24":{"name":"(anonymous_24)","decl":{"start":{"line":538,"column":2},"end":{"line":538,"column":3}},"loc":{"start":{"line":538,"column":25},"end":{"line":545,"column":3}},"line":538}},"branchMap":{"0":{"loc":{"start":{"line":7,"column":14},"end":{"line":7,"column":38}},"type":"default-arg","locations":[{"start":{"line":7,"column":33},"end":{"line":7,"column":38}}],"line":7},"1":{"loc":{"start":{"line":26,"column":4},"end":{"line":28,"column":5}},"type":"if","locations":[{"start":{"line":26,"column":4},"end":{"line":28,"column":5}},{"start":{"line":26,"column":4},"end":{"line":28,"column":5}}],"line":26},"2":{"loc":{"start":{"line":26,"column":8},"end":{"line":26,"column":43}},"type":"binary-expr","locations":[{"start":{"line":26,"column":8},"end":{"line":26,"column":14}},{"start":{"line":26,"column":18},"end":{"line":26,"column":43}}],"line":26},"3":{"loc":{"start":{"line":30,"column":4},"end":{"line":32,"column":5}},"type":"if","locations":[{"start":{"line":30,"column":4},"end":{"line":32,"column":5}},{"start":{"line":30,"column":4},"end":{"line":32,"column":5}}],"line":30},"4":{"loc":{"start":{"line":30,"column":8},"end":{"line":30,"column":59}},"type":"binary-expr","locations":[{"start":{"line":30,"column":8},"end":{"line":30,"column":33}},{"start":{"line":30,"column":37},"end":{"line":30,"column":59}}],"line":30},"5":{"loc":{"start":{"line":37,"column":4},"end":{"line":39,"column":5}},"type":"if","locations":[{"start":{"line":37,"column":4},"end":{"line":39,"column":5}},{"start":{"line":37,"column":4},"end":{"line":39,"column":5}}],"line":37},"6":{"loc":{"start":{"line":41,"column":4},"end":{"line":53,"column":5}},"type":"if","locations":[{"start":{"line":41,"column":4},"end":{"line":53,"column":5}},{"start":{"line":41,"column":4},"end":{"line":53,"column":5}}],"line":41},"7":{"loc":{"start":{"line":44,"column":6},"end":{"line":52,"column":7}},"type":"if","locations":[{"start":{"line":44,"column":6},"end":{"line":52,"column":7}},{"start":{"line":44,"column":6},"end":{"line":52,"column":7}}],"line":44},"8":{"loc":{"start":{"line":46,"column":10},"end":{"line":48,"column":11}},"type":"if","locations":[{"start":{"line":46,"column":10},"end":{"line":48,"column":11}},{"start":{"line":46,"column":10},"end":{"line":48,"column":11}}],"line":46},"9":{"loc":{"start":{"line":46,"column":14},"end":{"line":46,"column":50}},"type":"binary-expr","locations":[{"start":{"line":46,"column":14},"end":{"line":46,"column":28}},{"start":{"line":46,"column":32},"end":{"line":46,"column":50}}],"line":46},"10":{"loc":{"start":{"line":63,"column":4},"end":{"line":65,"column":5}},"type":"if","locations":[{"start":{"line":63,"column":4},"end":{"line":65,"column":5}},{"start":{"line":63,"column":4},"end":{"line":65,"column":5}}],"line":63},"11":{"loc":{"start":{"line":63,"column":8},"end":{"line":63,"column":43}},"type":"binary-expr","locations":[{"start":{"line":63,"column":8},"end":{"line":63,"column":14}},{"start":{"line":63,"column":18},"end":{"line":63,"column":43}}],"line":63},"12":{"loc":{"start":{"line":69,"column":11},"end":{"line":69,"column":79}},"type":"binary-expr","locations":[{"start":{"line":69,"column":12},"end":{"line":69,"column":33}},{"start":{"line":69,"column":37},"end":{"line":69,"column":56}},{"start":{"line":69,"column":61},"end":{"line":69,"column":79}}],"line":69},"13":{"loc":{"start":{"line":79,"column":4},"end":{"line":81,"column":5}},"type":"if","locations":[{"start":{"line":79,"column":4},"end":{"line":81,"column":5}},{"start":{"line":79,"column":4},"end":{"line":81,"column":5}}],"line":79},"14":{"loc":{"start":{"line":79,"column":8},"end":{"line":79,"column":43}},"type":"binary-expr","locations":[{"start":{"line":79,"column":8},"end":{"line":79,"column":14}},{"start":{"line":79,"column":18},"end":{"line":79,"column":43}}],"line":79},"15":{"loc":{"start":{"line":96,"column":4},"end":{"line":98,"column":5}},"type":"if","locations":[{"start":{"line":96,"column":4},"end":{"line":98,"column":5}},{"start":{"line":96,"column":4},"end":{"line":98,"column":5}}],"line":96},"16":{"loc":{"start":{"line":100,"column":4},"end":{"line":102,"column":5}},"type":"if","locations":[{"start":{"line":100,"column":4},"end":{"line":102,"column":5}},{"start":{"line":100,"column":4},"end":{"line":102,"column":5}}],"line":100},"17":{"loc":{"start":{"line":104,"column":4},"end":{"line":106,"column":5}},"type":"if","locations":[{"start":{"line":104,"column":4},"end":{"line":106,"column":5}},{"start":{"line":104,"column":4},"end":{"line":106,"column":5}}],"line":104},"18":{"loc":{"start":{"line":104,"column":8},"end":{"line":104,"column":54}},"type":"binary-expr","locations":[{"start":{"line":104,"column":8},"end":{"line":104,"column":27}},{"start":{"line":104,"column":31},"end":{"line":104,"column":54}}],"line":104},"19":{"loc":{"start":{"line":122,"column":4},"end":{"line":124,"column":5}},"type":"if","locations":[{"start":{"line":122,"column":4},"end":{"line":124,"column":5}},{"start":{"line":122,"column":4},"end":{"line":124,"column":5}}],"line":122},"20":{"loc":{"start":{"line":126,"column":4},"end":{"line":128,"column":5}},"type":"if","locations":[{"start":{"line":126,"column":4},"end":{"line":128,"column":5}},{"start":{"line":126,"column":4},"end":{"line":128,"column":5}}],"line":126},"21":{"loc":{"start":{"line":130,"column":4},"end":{"line":132,"column":5}},"type":"if","locations":[{"start":{"line":130,"column":4},"end":{"line":132,"column":5}},{"start":{"line":130,"column":4},"end":{"line":132,"column":5}}],"line":130},"22":{"loc":{"start":{"line":130,"column":8},"end":{"line":130,"column":54}},"type":"binary-expr","locations":[{"start":{"line":130,"column":8},"end":{"line":130,"column":27}},{"start":{"line":130,"column":31},"end":{"line":130,"column":54}}],"line":130},"23":{"loc":{"start":{"line":149,"column":4},"end":{"line":151,"column":5}},"type":"if","locations":[{"start":{"line":149,"column":4},"end":{"line":151,"column":5}},{"start":{"line":149,"column":4},"end":{"line":151,"column":5}}],"line":149},"24":{"loc":{"start":{"line":153,"column":4},"end":{"line":155,"column":5}},"type":"if","locations":[{"start":{"line":153,"column":4},"end":{"line":155,"column":5}},{"start":{"line":153,"column":4},"end":{"line":155,"column":5}}],"line":153},"25":{"loc":{"start":{"line":171,"column":4},"end":{"line":173,"column":5}},"type":"if","locations":[{"start":{"line":171,"column":4},"end":{"line":173,"column":5}},{"start":{"line":171,"column":4},"end":{"line":173,"column":5}}],"line":171},"26":{"loc":{"start":{"line":175,"column":4},"end":{"line":177,"column":5}},"type":"if","locations":[{"start":{"line":175,"column":4},"end":{"line":177,"column":5}},{"start":{"line":175,"column":4},"end":{"line":177,"column":5}}],"line":175},"27":{"loc":{"start":{"line":191,"column":4},"end":{"line":193,"column":5}},"type":"if","locations":[{"start":{"line":191,"column":4},"end":{"line":193,"column":5}},{"start":{"line":191,"column":4},"end":{"line":193,"column":5}}],"line":191},"28":{"loc":{"start":{"line":191,"column":8},"end":{"line":191,"column":45}},"type":"binary-expr","locations":[{"start":{"line":191,"column":8},"end":{"line":191,"column":22}},{"start":{"line":191,"column":26},"end":{"line":191,"column":45}}],"line":191},"29":{"loc":{"start":{"line":195,"column":4},"end":{"line":197,"column":5}},"type":"if","locations":[{"start":{"line":195,"column":4},"end":{"line":197,"column":5}},{"start":{"line":195,"column":4},"end":{"line":197,"column":5}}],"line":195},"30":{"loc":{"start":{"line":199,"column":11},"end":{"line":199,"column":61}},"type":"binary-expr","locations":[{"start":{"line":199,"column":11},"end":{"line":199,"column":29}},{"start":{"line":199,"column":33},"end":{"line":199,"column":61}}],"line":199},"31":{"loc":{"start":{"line":209,"column":4},"end":{"line":211,"column":5}},"type":"if","locations":[{"start":{"line":209,"column":4},"end":{"line":211,"column":5}},{"start":{"line":209,"column":4},"end":{"line":211,"column":5}}],"line":209},"32":{"loc":{"start":{"line":209,"column":8},"end":{"line":209,"column":43}},"type":"binary-expr","locations":[{"start":{"line":209,"column":8},"end":{"line":209,"column":14}},{"start":{"line":209,"column":18},"end":{"line":209,"column":43}}],"line":209},"33":{"loc":{"start":{"line":213,"column":11},"end":{"line":213,"column":82}},"type":"binary-expr","locations":[{"start":{"line":213,"column":11},"end":{"line":213,"column":31}},{"start":{"line":213,"column":35},"end":{"line":213,"column":55}},{"start":{"line":213,"column":59},"end":{"line":213,"column":82}}],"line":213},"34":{"loc":{"start":{"line":224,"column":4},"end":{"line":226,"column":5}},"type":"if","locations":[{"start":{"line":224,"column":4},"end":{"line":226,"column":5}},{"start":{"line":224,"column":4},"end":{"line":226,"column":5}}],"line":224},"35":{"loc":{"start":{"line":224,"column":8},"end":{"line":224,"column":36}},"type":"binary-expr","locations":[{"start":{"line":224,"column":8},"end":{"line":224,"column":14}},{"start":{"line":224,"column":18},"end":{"line":224,"column":36}}],"line":224},"36":{"loc":{"start":{"line":228,"column":4},"end":{"line":230,"column":5}},"type":"if","locations":[{"start":{"line":228,"column":4},"end":{"line":230,"column":5}},{"start":{"line":228,"column":4},"end":{"line":230,"column":5}}],"line":228},"37":{"loc":{"start":{"line":232,"column":4},"end":{"line":234,"column":5}},"type":"if","locations":[{"start":{"line":232,"column":4},"end":{"line":234,"column":5}},{"start":{"line":232,"column":4},"end":{"line":234,"column":5}}],"line":232},"38":{"loc":{"start":{"line":241,"column":8},"end":{"line":243,"column":9}},"type":"if","locations":[{"start":{"line":241,"column":8},"end":{"line":243,"column":9}},{"start":{"line":241,"column":8},"end":{"line":243,"column":9}}],"line":241},"39":{"loc":{"start":{"line":269,"column":4},"end":{"line":271,"column":5}},"type":"if","locations":[{"start":{"line":269,"column":4},"end":{"line":271,"column":5}},{"start":{"line":269,"column":4},"end":{"line":271,"column":5}}],"line":269},"40":{"loc":{"start":{"line":269,"column":8},"end":{"line":269,"column":43}},"type":"binary-expr","locations":[{"start":{"line":269,"column":8},"end":{"line":269,"column":14}},{"start":{"line":269,"column":18},"end":{"line":269,"column":43}}],"line":269},"41":{"loc":{"start":{"line":273,"column":4},"end":{"line":275,"column":5}},"type":"if","locations":[{"start":{"line":273,"column":4},"end":{"line":275,"column":5}},{"start":{"line":273,"column":4},"end":{"line":275,"column":5}}],"line":273},"42":{"loc":{"start":{"line":273,"column":8},"end":{"line":273,"column":66}},"type":"binary-expr","locations":[{"start":{"line":273,"column":8},"end":{"line":273,"column":28}},{"start":{"line":273,"column":32},"end":{"line":273,"column":66}}],"line":273},"43":{"loc":{"start":{"line":286,"column":8},"end":{"line":290,"column":9}},"type":"if","locations":[{"start":{"line":286,"column":8},"end":{"line":290,"column":9}},{"start":{"line":286,"column":8},"end":{"line":290,"column":9}}],"line":286},"44":{"loc":{"start":{"line":287,"column":10},"end":{"line":289,"column":11}},"type":"if","locations":[{"start":{"line":287,"column":10},"end":{"line":289,"column":11}},{"start":{"line":287,"column":10},"end":{"line":289,"column":11}}],"line":287},"45":{"loc":{"start":{"line":293,"column":6},"end":{"line":295,"column":7}},"type":"if","locations":[{"start":{"line":293,"column":6},"end":{"line":295,"column":7}},{"start":{"line":293,"column":6},"end":{"line":295,"column":7}}],"line":293},"46":{"loc":{"start":{"line":308,"column":4},"end":{"line":310,"column":5}},"type":"if","locations":[{"start":{"line":308,"column":4},"end":{"line":310,"column":5}},{"start":{"line":308,"column":4},"end":{"line":310,"column":5}}],"line":308},"47":{"loc":{"start":{"line":308,"column":8},"end":{"line":308,"column":43}},"type":"binary-expr","locations":[{"start":{"line":308,"column":8},"end":{"line":308,"column":14}},{"start":{"line":308,"column":18},"end":{"line":308,"column":43}}],"line":308},"48":{"loc":{"start":{"line":312,"column":4},"end":{"line":314,"column":5}},"type":"if","locations":[{"start":{"line":312,"column":4},"end":{"line":314,"column":5}},{"start":{"line":312,"column":4},"end":{"line":314,"column":5}}],"line":312},"49":{"loc":{"start":{"line":312,"column":8},"end":{"line":312,"column":48}},"type":"binary-expr","locations":[{"start":{"line":312,"column":9},"end":{"line":312,"column":11}},{"start":{"line":312,"column":15},"end":{"line":312,"column":22}},{"start":{"line":312,"column":27},"end":{"line":312,"column":48}}],"line":312},"50":{"loc":{"start":{"line":327,"column":4},"end":{"line":329,"column":5}},"type":"if","locations":[{"start":{"line":327,"column":4},"end":{"line":329,"column":5}},{"start":{"line":327,"column":4},"end":{"line":329,"column":5}}],"line":327},"51":{"loc":{"start":{"line":327,"column":8},"end":{"line":327,"column":43}},"type":"binary-expr","locations":[{"start":{"line":327,"column":8},"end":{"line":327,"column":14}},{"start":{"line":327,"column":18},"end":{"line":327,"column":43}}],"line":327},"52":{"loc":{"start":{"line":331,"column":4},"end":{"line":333,"column":5}},"type":"if","locations":[{"start":{"line":331,"column":4},"end":{"line":333,"column":5}},{"start":{"line":331,"column":4},"end":{"line":333,"column":5}}],"line":331},"53":{"loc":{"start":{"line":331,"column":8},"end":{"line":331,"column":48}},"type":"binary-expr","locations":[{"start":{"line":331,"column":9},"end":{"line":331,"column":11}},{"start":{"line":331,"column":15},"end":{"line":331,"column":22}},{"start":{"line":331,"column":27},"end":{"line":331,"column":48}}],"line":331},"54":{"loc":{"start":{"line":346,"column":4},"end":{"line":348,"column":5}},"type":"if","locations":[{"start":{"line":346,"column":4},"end":{"line":348,"column":5}},{"start":{"line":346,"column":4},"end":{"line":348,"column":5}}],"line":346},"55":{"loc":{"start":{"line":346,"column":8},"end":{"line":346,"column":43}},"type":"binary-expr","locations":[{"start":{"line":346,"column":8},"end":{"line":346,"column":14}},{"start":{"line":346,"column":18},"end":{"line":346,"column":43}}],"line":346},"56":{"loc":{"start":{"line":350,"column":4},"end":{"line":352,"column":5}},"type":"if","locations":[{"start":{"line":350,"column":4},"end":{"line":352,"column":5}},{"start":{"line":350,"column":4},"end":{"line":352,"column":5}}],"line":350},"57":{"loc":{"start":{"line":350,"column":8},"end":{"line":350,"column":48}},"type":"binary-expr","locations":[{"start":{"line":350,"column":9},"end":{"line":350,"column":11}},{"start":{"line":350,"column":15},"end":{"line":350,"column":22}},{"start":{"line":350,"column":27},"end":{"line":350,"column":48}}],"line":350},"58":{"loc":{"start":{"line":367,"column":4},"end":{"line":369,"column":5}},"type":"if","locations":[{"start":{"line":367,"column":4},"end":{"line":369,"column":5}},{"start":{"line":367,"column":4},"end":{"line":369,"column":5}}],"line":367},"59":{"loc":{"start":{"line":367,"column":8},"end":{"line":367,"column":43}},"type":"binary-expr","locations":[{"start":{"line":367,"column":8},"end":{"line":367,"column":14}},{"start":{"line":367,"column":18},"end":{"line":367,"column":43}}],"line":367},"60":{"loc":{"start":{"line":371,"column":4},"end":{"line":373,"column":5}},"type":"if","locations":[{"start":{"line":371,"column":4},"end":{"line":373,"column":5}},{"start":{"line":371,"column":4},"end":{"line":373,"column":5}}],"line":371},"61":{"loc":{"start":{"line":371,"column":8},"end":{"line":371,"column":48}},"type":"binary-expr","locations":[{"start":{"line":371,"column":9},"end":{"line":371,"column":11}},{"start":{"line":371,"column":15},"end":{"line":371,"column":22}},{"start":{"line":371,"column":27},"end":{"line":371,"column":48}}],"line":371},"62":{"loc":{"start":{"line":389,"column":4},"end":{"line":398,"column":5}},"type":"if","locations":[{"start":{"line":389,"column":4},"end":{"line":398,"column":5}},{"start":{"line":389,"column":4},"end":{"line":398,"column":5}}],"line":389},"63":{"loc":{"start":{"line":390,"column":6},"end":{"line":395,"column":30}},"type":"binary-expr","locations":[{"start":{"line":390,"column":7},"end":{"line":390,"column":13}},{"start":{"line":390,"column":17},"end":{"line":390,"column":28}},{"start":{"line":391,"column":6},"end":{"line":391,"column":31}},{"start":{"line":392,"column":7},"end":{"line":392,"column":13}},{"start":{"line":392,"column":17},"end":{"line":392,"column":28}},{"start":{"line":393,"column":6},"end":{"line":393,"column":31}},{"start":{"line":394,"column":7},"end":{"line":394,"column":12}},{"start":{"line":394,"column":16},"end":{"line":394,"column":26}},{"start":{"line":395,"column":6},"end":{"line":395,"column":30}}],"line":390},"64":{"loc":{"start":{"line":400,"column":11},"end":{"line":400,"column":42}},"type":"binary-expr","locations":[{"start":{"line":400,"column":11},"end":{"line":400,"column":25}},{"start":{"line":400,"column":29},"end":{"line":400,"column":42}}],"line":400},"65":{"loc":{"start":{"line":411,"column":4},"end":{"line":413,"column":5}},"type":"if","locations":[{"start":{"line":411,"column":4},"end":{"line":413,"column":5}},{"start":{"line":411,"column":4},"end":{"line":413,"column":5}}],"line":411},"66":{"loc":{"start":{"line":411,"column":8},"end":{"line":411,"column":61}},"type":"binary-expr","locations":[{"start":{"line":411,"column":9},"end":{"line":411,"column":15}},{"start":{"line":411,"column":19},"end":{"line":411,"column":31}},{"start":{"line":411,"column":36},"end":{"line":411,"column":61}}],"line":411},"67":{"loc":{"start":{"line":426,"column":4},"end":{"line":428,"column":5}},"type":"if","locations":[{"start":{"line":426,"column":4},"end":{"line":428,"column":5}},{"start":{"line":426,"column":4},"end":{"line":428,"column":5}}],"line":426},"68":{"loc":{"start":{"line":426,"column":8},"end":{"line":426,"column":61}},"type":"binary-expr","locations":[{"start":{"line":426,"column":9},"end":{"line":426,"column":15}},{"start":{"line":426,"column":19},"end":{"line":426,"column":31}},{"start":{"line":426,"column":36},"end":{"line":426,"column":61}}],"line":426},"69":{"loc":{"start":{"line":432,"column":11},"end":{"line":432,"column":84}},"type":"binary-expr","locations":[{"start":{"line":432,"column":11},"end":{"line":432,"column":31}},{"start":{"line":432,"column":35},"end":{"line":432,"column":61}},{"start":{"line":432,"column":65},"end":{"line":432,"column":84}}],"line":432},"70":{"loc":{"start":{"line":442,"column":4},"end":{"line":444,"column":5}},"type":"if","locations":[{"start":{"line":442,"column":4},"end":{"line":444,"column":5}},{"start":{"line":442,"column":4},"end":{"line":444,"column":5}}],"line":442},"71":{"loc":{"start":{"line":442,"column":8},"end":{"line":442,"column":43}},"type":"binary-expr","locations":[{"start":{"line":442,"column":8},"end":{"line":442,"column":14}},{"start":{"line":442,"column":18},"end":{"line":442,"column":43}}],"line":442},"72":{"loc":{"start":{"line":446,"column":4},"end":{"line":448,"column":5}},"type":"if","locations":[{"start":{"line":446,"column":4},"end":{"line":448,"column":5}},{"start":{"line":446,"column":4},"end":{"line":448,"column":5}}],"line":446},"73":{"loc":{"start":{"line":452,"column":4},"end":{"line":454,"column":5}},"type":"if","locations":[{"start":{"line":452,"column":4},"end":{"line":454,"column":5}},{"start":{"line":452,"column":4},"end":{"line":454,"column":5}}],"line":452},"74":{"loc":{"start":{"line":456,"column":11},"end":{"line":456,"column":51}},"type":"binary-expr","locations":[{"start":{"line":456,"column":11},"end":{"line":456,"column":29}},{"start":{"line":456,"column":33},"end":{"line":456,"column":51}}],"line":456},"75":{"loc":{"start":{"line":466,"column":4},"end":{"line":468,"column":5}},"type":"if","locations":[{"start":{"line":466,"column":4},"end":{"line":468,"column":5}},{"start":{"line":466,"column":4},"end":{"line":468,"column":5}}],"line":466},"76":{"loc":{"start":{"line":466,"column":8},"end":{"line":466,"column":43}},"type":"binary-expr","locations":[{"start":{"line":466,"column":8},"end":{"line":466,"column":14}},{"start":{"line":466,"column":18},"end":{"line":466,"column":43}}],"line":466},"77":{"loc":{"start":{"line":473,"column":4},"end":{"line":475,"column":5}},"type":"if","locations":[{"start":{"line":473,"column":4},"end":{"line":475,"column":5}},{"start":{"line":473,"column":4},"end":{"line":475,"column":5}}],"line":473},"78":{"loc":{"start":{"line":473,"column":8},"end":{"line":473,"column":78}},"type":"binary-expr","locations":[{"start":{"line":473,"column":8},"end":{"line":473,"column":40}},{"start":{"line":473,"column":44},"end":{"line":473,"column":78}}],"line":473},"79":{"loc":{"start":{"line":481,"column":4},"end":{"line":483,"column":5}},"type":"if","locations":[{"start":{"line":481,"column":4},"end":{"line":483,"column":5}},{"start":{"line":481,"column":4},"end":{"line":483,"column":5}}],"line":481},"80":{"loc":{"start":{"line":486,"column":6},"end":{"line":488,"column":7}},"type":"if","locations":[{"start":{"line":486,"column":6},"end":{"line":488,"column":7}},{"start":{"line":486,"column":6},"end":{"line":488,"column":7}}],"line":486},"81":{"loc":{"start":{"line":501,"column":4},"end":{"line":503,"column":5}},"type":"if","locations":[{"start":{"line":501,"column":4},"end":{"line":503,"column":5}},{"start":{"line":501,"column":4},"end":{"line":503,"column":5}}],"line":501},"82":{"loc":{"start":{"line":501,"column":8},"end":{"line":501,"column":43}},"type":"binary-expr","locations":[{"start":{"line":501,"column":8},"end":{"line":501,"column":14}},{"start":{"line":501,"column":18},"end":{"line":501,"column":43}}],"line":501},"83":{"loc":{"start":{"line":507,"column":4},"end":{"line":509,"column":5}},"type":"if","locations":[{"start":{"line":507,"column":4},"end":{"line":509,"column":5}},{"start":{"line":507,"column":4},"end":{"line":509,"column":5}}],"line":507},"84":{"loc":{"start":{"line":507,"column":8},"end":{"line":507,"column":78}},"type":"binary-expr","locations":[{"start":{"line":507,"column":8},"end":{"line":507,"column":40}},{"start":{"line":507,"column":44},"end":{"line":507,"column":78}}],"line":507},"85":{"loc":{"start":{"line":515,"column":4},"end":{"line":517,"column":5}},"type":"if","locations":[{"start":{"line":515,"column":4},"end":{"line":517,"column":5}},{"start":{"line":515,"column":4},"end":{"line":517,"column":5}}],"line":515},"86":{"loc":{"start":{"line":519,"column":4},"end":{"line":521,"column":5}},"type":"if","locations":[{"start":{"line":519,"column":4},"end":{"line":521,"column":5}},{"start":{"line":519,"column":4},"end":{"line":521,"column":5}}],"line":519},"87":{"loc":{"start":{"line":524,"column":6},"end":{"line":526,"column":7}},"type":"if","locations":[{"start":{"line":524,"column":6},"end":{"line":526,"column":7}},{"start":{"line":524,"column":6},"end":{"line":526,"column":7}}],"line":524},"88":{"loc":{"start":{"line":539,"column":4},"end":{"line":541,"column":5}},"type":"if","locations":[{"start":{"line":539,"column":4},"end":{"line":541,"column":5}},{"start":{"line":539,"column":4},"end":{"line":541,"column":5}}],"line":539},"89":{"loc":{"start":{"line":539,"column":8},"end":{"line":539,"column":43}},"type":"binary-expr","locations":[{"start":{"line":539,"column":8},"end":{"line":539,"column":14}},{"start":{"line":539,"column":18},"end":{"line":539,"column":43}}],"line":539},"90":{"loc":{"start":{"line":544,"column":11},"end":{"line":544,"column":70}},"type":"binary-expr","locations":[{"start":{"line":544,"column":11},"end":{"line":544,"column":28}},{"start":{"line":544,"column":32},"end":{"line":544,"column":49}},{"start":{"line":544,"column":53},"end":{"line":544,"column":70}}],"line":544}},"s":{"0":1,"1":0,"2":5,"3":5,"4":0,"5":5,"6":1,"7":4,"8":4,"9":4,"10":1,"11":3,"12":3,"13":3,"14":3,"15":12,"16":1,"17":2,"18":4,"19":0,"20":4,"21":4,"22":31,"23":0,"24":31,"25":31,"26":5,"27":2,"28":5,"29":2,"30":5,"31":1,"32":4,"33":4,"34":4,"35":5,"36":2,"37":5,"38":2,"39":5,"40":1,"41":4,"42":4,"43":4,"44":5,"45":5,"46":3,"47":5,"48":1,"49":4,"50":4,"51":5,"52":5,"53":3,"54":5,"55":1,"56":4,"57":4,"58":11,"59":1,"60":10,"61":0,"62":10,"63":4,"64":0,"65":4,"66":8,"67":0,"68":8,"69":0,"70":8,"71":0,"72":8,"73":8,"74":34,"75":38,"76":4,"77":4,"78":4,"79":6,"80":0,"81":6,"82":0,"83":6,"84":6,"85":6,"86":57,"87":57,"88":217,"89":19,"90":19,"91":57,"92":1,"93":5,"94":4,"95":0,"96":4,"97":0,"98":4,"99":7,"100":0,"101":7,"102":0,"103":7,"104":4,"105":0,"106":4,"107":0,"108":4,"109":4,"110":4,"111":0,"112":4,"113":0,"114":4,"115":4,"116":34,"117":0,"118":34,"119":11,"120":0,"121":11,"122":6,"123":0,"124":6,"125":6,"126":13,"127":0,"128":13,"129":5,"130":8,"131":8,"132":1,"133":7,"134":11,"135":0,"136":11,"137":11,"138":11,"139":4,"140":7,"141":7,"142":7,"143":1,"144":6,"145":16,"146":2,"147":4,"148":9,"149":0,"150":9,"151":9,"152":2,"153":7,"154":7,"155":7,"156":1,"157":6,"158":1,"159":5,"160":8,"161":2,"162":3,"163":6,"164":0,"165":6},"f":{"0":1,"1":0,"2":5,"3":4,"4":31,"5":5,"6":5,"7":5,"8":5,"9":11,"10":4,"11":8,"12":4,"13":6,"14":4,"15":7,"16":4,"17":4,"18":34,"19":11,"20":6,"21":13,"22":11,"23":9,"24":6},"b":{"0":[0],"1":[0,5],"2":[5,5],"3":[1,4],"4":[5,5],"5":[1,3],"6":[3,0],"7":[3,0],"8":[1,11],"9":[12,5],"10":[0,4],"11":[4,4],"12":[4,3,2],"13":[0,31],"14":[31,31],"15":[2,3],"16":[2,3],"17":[1,4],"18":[5,4],"19":[2,3],"20":[2,3],"21":[1,4],"22":[5,4],"23":[3,2],"24":[1,4],"25":[3,2],"26":[1,4],"27":[1,10],"28":[11,10],"29":[0,10],"30":[10,8],"31":[0,4],"32":[4,4],"33":[4,3,2],"34":[0,8],"35":[8,8],"36":[0,8],"37":[0,8],"38":[4,34],"39":[0,6],"40":[6,6],"41":[0,6],"42":[6,6],"43":[19,198],"44":[19,0],"45":[1,56],"46":[0,4],"47":[4,4],"48":[0,4],"49":[4,0,4],"50":[0,7],"51":[7,7],"52":[0,7],"53":[7,0,7],"54":[0,4],"55":[4,4],"56":[0,4],"57":[4,1,4],"58":[0,4],"59":[4,4],"60":[0,4],"61":[4,1,4],"62":[0,34],"63":[34,10,34,34,30,34,34,0,34],"64":[34,33],"65":[0,11],"66":[11,1,11],"67":[0,6],"68":[6,0,6],"69":[6,5,5],"70":[0,13],"71":[13,13],"72":[5,8],"73":[1,7],"74":[7,4],"75":[0,11],"76":[11,11],"77":[4,7],"78":[11,4],"79":[1,6],"80":[2,14],"81":[0,9],"82":[9,9],"83":[2,7],"84":[9,2],"85":[1,6],"86":[1,5],"87":[2,6],"88":[0,6],"89":[6,6],"90":[6,4,3]},"_coverageSchema":"332fd63041d2c1bcb487cc26dd0d5f7d97098a6c","hash":"26338e72167bd70b3f12f59bf617657995f9b720"}
}
