TN:
SF:/Users/carrie/Desktop/aurora-utilities/javascript/validator.js
FN:7,(anonymous_0)
FN:11,(anonymous_1)
FN:21,(anonymous_2)
FN:62,(anonymous_3)
FN:78,(anonymous_4)
FN:95,(anonymous_5)
FN:121,(anonymous_6)
FN:146,(anonymous_7)
FN:168,(anonymous_8)
FN:190,(anonymous_9)
FN:208,(anonymous_10)
FN:223,(anonymous_11)
FN:257,(anonymous_12)
FN:268,(anonymous_13)
FN:307,(anonymous_14)
FN:326,(anonymous_15)
FN:345,(anonymous_16)
FN:366,(anonymous_17)
FN:388,(anonymous_18)
FN:409,(anonymous_19)
FN:425,(anonymous_20)
FN:441,(anonymous_21)
FN:465,(anonymous_22)
FN:500,(anonymous_23)
FN:538,(anonymous_24)
FNF:25
FNH:24
FNDA:1,(anonymous_0)
FNDA:0,(anonymous_1)
FNDA:5,(anonymous_2)
FNDA:4,(anonymous_3)
FNDA:31,(anonymous_4)
FNDA:5,(anonymous_5)
FNDA:5,(anonymous_6)
FNDA:5,(anonymous_7)
FNDA:5,(anonymous_8)
FNDA:11,(anonymous_9)
FNDA:4,(anonymous_10)
FNDA:8,(anonymous_11)
FNDA:4,(anonymous_12)
FNDA:6,(anonymous_13)
FNDA:4,(anonymous_14)
FNDA:7,(anonymous_15)
FNDA:4,(anonymous_16)
FNDA:4,(anonymous_17)
FNDA:34,(anonymous_18)
FNDA:11,(anonymous_19)
FNDA:6,(anonymous_20)
FNDA:13,(anonymous_21)
FNDA:11,(anonymous_22)
FNDA:9,(anonymous_23)
FNDA:6,(anonymous_24)
DA:8,1
DA:12,0
DA:22,5
DA:26,5
DA:27,0
DA:30,5
DA:31,1
DA:34,4
DA:35,4
DA:37,4
DA:38,1
DA:41,3
DA:42,3
DA:44,3
DA:45,3
DA:46,12
DA:47,1
DA:51,2
DA:63,4
DA:64,0
DA:67,4
DA:69,4
DA:79,31
DA:80,0
DA:83,31
DA:85,31
DA:96,5
DA:97,2
DA:100,5
DA:101,2
DA:104,5
DA:105,1
DA:108,4
DA:109,4
DA:111,4
DA:122,5
DA:123,2
DA:126,5
DA:127,2
DA:130,5
DA:131,1
DA:134,4
DA:135,4
DA:137,4
DA:147,5
DA:149,5
DA:150,3
DA:153,5
DA:154,1
DA:157,4
DA:159,4
DA:169,5
DA:171,5
DA:172,3
DA:175,5
DA:176,1
DA:179,4
DA:181,4
DA:191,11
DA:192,1
DA:195,10
DA:196,0
DA:199,10
DA:209,4
DA:210,0
DA:213,4
DA:224,8
DA:225,0
DA:228,8
DA:229,0
DA:232,8
DA:233,0
DA:237,8
DA:239,8
DA:240,34
DA:241,38
DA:242,4
DA:247,4
DA:258,4
DA:269,6
DA:270,0
DA:273,6
DA:274,0
DA:277,6
DA:280,6
DA:282,6
DA:283,57
DA:285,57
DA:286,217
DA:287,19
DA:288,19
DA:293,57
DA:294,1
DA:297,5
DA:308,4
DA:309,0
DA:312,4
DA:313,0
DA:316,4
DA:327,7
DA:328,0
DA:331,7
DA:332,0
DA:335,7
DA:346,4
DA:347,0
DA:350,4
DA:351,0
DA:354,4
DA:356,4
DA:367,4
DA:368,0
DA:371,4
DA:372,0
DA:375,4
DA:377,4
DA:389,34
DA:397,0
DA:400,34
DA:411,11
DA:412,0
DA:416,11
DA:426,6
DA:427,0
DA:430,6
DA:432,6
DA:442,13
DA:443,0
DA:446,13
DA:447,5
DA:450,8
DA:452,8
DA:453,1
DA:456,7
DA:466,11
DA:467,0
DA:470,11
DA:471,11
DA:473,11
DA:474,4
DA:477,7
DA:479,7
DA:481,7
DA:482,1
DA:485,6
DA:486,16
DA:487,2
DA:491,4
DA:501,9
DA:502,0
DA:505,9
DA:507,9
DA:508,2
DA:511,7
DA:513,7
DA:515,7
DA:516,1
DA:519,6
DA:520,1
DA:523,5
DA:524,8
DA:525,2
DA:529,3
DA:539,6
DA:540,0
DA:544,6
LF:166
LH:140
BRDA:7,0,0,0
BRDA:26,1,0,0
BRDA:26,1,1,5
BRDA:26,2,0,5
BRDA:26,2,1,5
BRDA:30,3,0,1
BRDA:30,3,1,4
BRDA:30,4,0,5
BRDA:30,4,1,5
BRDA:37,5,0,1
BRDA:37,5,1,3
BRDA:41,6,0,3
BRDA:41,6,1,0
BRDA:44,7,0,3
BRDA:44,7,1,0
BRDA:46,8,0,1
BRDA:46,8,1,11
BRDA:46,9,0,12
BRDA:46,9,1,5
BRDA:63,10,0,0
BRDA:63,10,1,4
BRDA:63,11,0,4
BRDA:63,11,1,4
BRDA:69,12,0,4
BRDA:69,12,1,3
BRDA:69,12,2,2
BRDA:79,13,0,0
BRDA:79,13,1,31
BRDA:79,14,0,31
BRDA:79,14,1,31
BRDA:96,15,0,2
BRDA:96,15,1,3
BRDA:100,16,0,2
BRDA:100,16,1,3
BRDA:104,17,0,1
BRDA:104,17,1,4
BRDA:104,18,0,5
BRDA:104,18,1,4
BRDA:122,19,0,2
BRDA:122,19,1,3
BRDA:126,20,0,2
BRDA:126,20,1,3
BRDA:130,21,0,1
BRDA:130,21,1,4
BRDA:130,22,0,5
BRDA:130,22,1,4
BRDA:149,23,0,3
BRDA:149,23,1,2
BRDA:153,24,0,1
BRDA:153,24,1,4
BRDA:171,25,0,3
BRDA:171,25,1,2
BRDA:175,26,0,1
BRDA:175,26,1,4
BRDA:191,27,0,1
BRDA:191,27,1,10
BRDA:191,28,0,11
BRDA:191,28,1,10
BRDA:195,29,0,0
BRDA:195,29,1,10
BRDA:199,30,0,10
BRDA:199,30,1,8
BRDA:209,31,0,0
BRDA:209,31,1,4
BRDA:209,32,0,4
BRDA:209,32,1,4
BRDA:213,33,0,4
BRDA:213,33,1,3
BRDA:213,33,2,2
BRDA:224,34,0,0
BRDA:224,34,1,8
BRDA:224,35,0,8
BRDA:224,35,1,8
BRDA:228,36,0,0
BRDA:228,36,1,8
BRDA:232,37,0,0
BRDA:232,37,1,8
BRDA:241,38,0,4
BRDA:241,38,1,34
BRDA:269,39,0,0
BRDA:269,39,1,6
BRDA:269,40,0,6
BRDA:269,40,1,6
BRDA:273,41,0,0
BRDA:273,41,1,6
BRDA:273,42,0,6
BRDA:273,42,1,6
BRDA:286,43,0,19
BRDA:286,43,1,198
BRDA:287,44,0,19
BRDA:287,44,1,0
BRDA:293,45,0,1
BRDA:293,45,1,56
BRDA:308,46,0,0
BRDA:308,46,1,4
BRDA:308,47,0,4
BRDA:308,47,1,4
BRDA:312,48,0,0
BRDA:312,48,1,4
BRDA:312,49,0,4
BRDA:312,49,1,0
BRDA:312,49,2,4
BRDA:327,50,0,0
BRDA:327,50,1,7
BRDA:327,51,0,7
BRDA:327,51,1,7
BRDA:331,52,0,0
BRDA:331,52,1,7
BRDA:331,53,0,7
BRDA:331,53,1,0
BRDA:331,53,2,7
BRDA:346,54,0,0
BRDA:346,54,1,4
BRDA:346,55,0,4
BRDA:346,55,1,4
BRDA:350,56,0,0
BRDA:350,56,1,4
BRDA:350,57,0,4
BRDA:350,57,1,1
BRDA:350,57,2,4
BRDA:367,58,0,0
BRDA:367,58,1,4
BRDA:367,59,0,4
BRDA:367,59,1,4
BRDA:371,60,0,0
BRDA:371,60,1,4
BRDA:371,61,0,4
BRDA:371,61,1,1
BRDA:371,61,2,4
BRDA:389,62,0,0
BRDA:389,62,1,34
BRDA:390,63,0,34
BRDA:390,63,1,10
BRDA:390,63,2,34
BRDA:390,63,3,34
BRDA:390,63,4,30
BRDA:390,63,5,34
BRDA:390,63,6,34
BRDA:390,63,7,0
BRDA:390,63,8,34
BRDA:400,64,0,34
BRDA:400,64,1,33
BRDA:411,65,0,0
BRDA:411,65,1,11
BRDA:411,66,0,11
BRDA:411,66,1,1
BRDA:411,66,2,11
BRDA:426,67,0,0
BRDA:426,67,1,6
BRDA:426,68,0,6
BRDA:426,68,1,0
BRDA:426,68,2,6
BRDA:432,69,0,6
BRDA:432,69,1,5
BRDA:432,69,2,5
BRDA:442,70,0,0
BRDA:442,70,1,13
BRDA:442,71,0,13
BRDA:442,71,1,13
BRDA:446,72,0,5
BRDA:446,72,1,8
BRDA:452,73,0,1
BRDA:452,73,1,7
BRDA:456,74,0,7
BRDA:456,74,1,4
BRDA:466,75,0,0
BRDA:466,75,1,11
BRDA:466,76,0,11
BRDA:466,76,1,11
BRDA:473,77,0,4
BRDA:473,77,1,7
BRDA:473,78,0,11
BRDA:473,78,1,4
BRDA:481,79,0,1
BRDA:481,79,1,6
BRDA:486,80,0,2
BRDA:486,80,1,14
BRDA:501,81,0,0
BRDA:501,81,1,9
BRDA:501,82,0,9
BRDA:501,82,1,9
BRDA:507,83,0,2
BRDA:507,83,1,7
BRDA:507,84,0,9
BRDA:507,84,1,2
BRDA:515,85,0,1
BRDA:515,85,1,6
BRDA:519,86,0,1
BRDA:519,86,1,5
BRDA:524,87,0,2
BRDA:524,87,1,6
BRDA:539,88,0,0
BRDA:539,88,1,6
BRDA:539,89,0,6
BRDA:539,89,1,6
BRDA:544,90,0,6
BRDA:544,90,1,4
BRDA:544,90,2,3
BRF:198
BRH:165
end_of_record
